<?xml version="1.0" encoding="UTF-8"?>
<!-- Generated by org.testng.reporters.JUnitReportReporter -->
<testsuite hostname="DOQFYLP-35" failures="0" tests="1" name="Com.Doqfy.Automation.Web.Esign.ExecuteEsign_Test" time="29.372" errors="0" timestamp="2024-12-27T12:51:51 IST" skipped="0">
  <testcase classname="Com.Doqfy.Automation.Web.Esign.ExecuteEsign_Test" name="eSignWithSingleSign" time="29.372"/>
</testsuite> <!-- Com.Doqfy.Automation.Web.Esign.ExecuteEsign_Test -->
